<?xml version="1.0" encoding="UTF-8"?><testsuite failures="0" name="cucumber.runtime.formatter.JUnitFormatter" skipped="0" tests="3" time="0.252303">
<testcase classname="Hooks test" name="test1" time="0.243797">
<system-out><![CDATA[Given first method..........................................................passed
]]></system-out>
</testcase>
<testcase classname="Hooks test" name="test2" time="0.001558">
<system-out><![CDATA[Given second method.........................................................passed
]]></system-out>
</testcase>
<testcase classname="Hooks test" name="test3" time="0.006948">
<system-out><![CDATA[Given third method..........................................................passed
]]></system-out>
</testcase>
</testsuite>
